  window.cpp
  watch.cpp
  tutorial.cpp
  Title.cpp
  subshooter.cpp
  sound.cpp
  score.cpp
  result.cpp
  ranking.cpp
  player.cpp
  main.cpp
  input.cpp
  GameWindow.cpp
  game.cpp
  font.cpp
  FadeWindow.cpp
  fade.cpp
  Explosion.cpp
  enemy.cpp
  effect.cpp
  コードを生成中...
  コンパイル中...
  chapter.cpp
  bullet.cpp
  BGWindow.cpp
  animation.cpp
  コードを生成中...
  Chokotto_Syagekiroku.vcxproj -> c:\users\game122\documents\visual studio 2015\Projects\Chokotto_Syagekiroku\Chokotto_Syagekiroku.exe
  Chokotto_Syagekiroku.vcxproj -> c:\users\game122\documents\visual studio 2015\Projects\Chokotto_Syagekiroku\Chokotto_Syagekiroku.pdb (Full PDB)
