  ColMesh.cpp
  NorMesh.cpp
  RoadPointer.cpp
  billboord.cpp
  camerabace.cpp
  chick.cpp
  egg.cpp
  enemy.cpp
  feed.cpp
feed.cpp(29): warning C4005: 'PLAYER_DEPTH': マクロが再定義されました。
  c:\users\game122\desktop\チーム制作\chickenrace\chickenrace\object.h(21): note: 'PLAYER_DEPTH' の以前の定義を確認してください
  game.cpp
  gamePlay.cpp
  gamecamera.cpp
  loadText.cpp
  meshfield.cpp
  model3D.cpp
  motion.cpp
  object.cpp
  player.cpp
  result.cpp
  tutorial.cpp
  コンパイル中...
  wall.cpp
  コード生成しています。
  5 of 866 functions ( 0.6%) were compiled, the rest were copied from previous compilation.
    1 functions were new in current compilation
    2 functions had inline decision re-evaluated but remain unchanged
  コード生成が終了しました。
  ChickenRace.vcxproj -> C:\Users\game122\Desktop\チーム制作\ChickenRace\\ChickenRace\ChickenRace.exe
  ChickenRace.vcxproj -> C:\Users\game122\Desktop\チーム制作\ChickenRace\\ChickenRace\ChickenRace.pdb (Full PDB)
