c:\users\game116\desktop\baseproject\03_ai\chickenrace03\chickenrace\toonshader.cso
c:\users\game122\desktop\チーム制作\chickenrace\chickenrace\toonshader.cso
c:\users\game116\desktop\baseproject\03_ai\chickenrace03\chickenrace\release\vc140.pdb
c:\users\game122\desktop\チーム制作\chickenrace\chickenrace\release\vc140.pdb
c:\users\game122\desktop\チーム制作\chickenrace\chickenrace\release\mesh.obj
c:\users\game122\desktop\チーム制作\chickenrace\chickenrace\release\manager.obj
c:\users\game122\desktop\チーム制作\chickenrace\chickenrace\release\main.obj
c:\users\game122\desktop\チーム制作\chickenrace\chickenrace\release\loadtext.obj
c:\users\game122\desktop\チーム制作\chickenrace\chickenrace\release\light.obj
c:\users\game122\desktop\チーム制作\chickenrace\chickenrace\release\input.obj
c:\users\game122\desktop\チーム制作\chickenrace\chickenrace\release\incline.obj
c:\users\game122\desktop\チーム制作\chickenrace\chickenrace\release\gameplay.obj
c:\users\game122\desktop\チーム制作\chickenrace\chickenrace\release\gamecharselect.obj
c:\users\game122\desktop\チーム制作\chickenrace\chickenrace\release\gamecamera.obj
c:\users\game122\desktop\チーム制作\chickenrace\chickenrace\release\game.obj
c:\users\game122\desktop\チーム制作\chickenrace\chickenrace\release\feed.obj
c:\users\game122\desktop\チーム制作\chickenrace\chickenrace\release\fade.obj
c:\users\game122\desktop\チーム制作\chickenrace\chickenrace\release\enemy.obj
c:\users\game122\desktop\チーム制作\chickenrace\chickenrace\release\egg.obj
c:\users\game122\desktop\チーム制作\chickenrace\chickenrace\release\debugproc.obj
c:\users\game122\desktop\チーム制作\chickenrace\chickenrace\release\colmesh.obj
c:\users\game122\desktop\チーム制作\chickenrace\chickenrace\release\chick.obj
c:\users\game122\desktop\チーム制作\chickenrace\chickenrace\release\camerabace.obj
c:\users\game122\desktop\チーム制作\chickenrace\chickenrace\release\billboord.obj
c:\users\game122\desktop\チーム制作\chickenrace\chickenrace\release\scene3d.obj
c:\users\game122\desktop\チーム制作\chickenrace\chickenrace\release\scene2d.obj
c:\users\game122\desktop\チーム制作\chickenrace\chickenrace\release\scene.obj
c:\users\game122\desktop\チーム制作\chickenrace\chickenrace\release\roadpointer.obj
c:\users\game122\desktop\チーム制作\chickenrace\chickenrace\release\resultcamera.obj
c:\users\game122\desktop\チーム制作\chickenrace\chickenrace\release\result.obj
c:\users\game122\desktop\チーム制作\chickenrace\chickenrace\release\renderer.obj
c:\users\game122\desktop\チーム制作\chickenrace\chickenrace\release\ranking.obj
c:\users\game122\desktop\チーム制作\chickenrace\chickenrace\release\polygon3d.obj
c:\users\game122\desktop\チーム制作\chickenrace\chickenrace\release\player.obj
c:\users\game122\desktop\チーム制作\chickenrace\chickenrace\release\pause.obj
c:\users\game122\desktop\チーム制作\chickenrace\chickenrace\release\object.obj
c:\users\game122\desktop\チーム制作\chickenrace\chickenrace\release\number.obj
c:\users\game122\desktop\チーム制作\chickenrace\chickenrace\release\normesh.obj
c:\users\game122\desktop\チーム制作\chickenrace\chickenrace\release\motion.obj
c:\users\game122\desktop\チーム制作\chickenrace\chickenrace\release\model3d.obj
c:\users\game122\desktop\チーム制作\chickenrace\chickenrace\release\model.obj
c:\users\game122\desktop\チーム制作\chickenrace\chickenrace\release\meshorbit.obj
c:\users\game122\desktop\チーム制作\chickenrace\chickenrace\release\meshfield.obj
c:\users\game122\desktop\チーム制作\chickenrace\chickenrace\release\meshcylinder.obj
c:\users\game122\desktop\チーム制作\chickenrace\chickenrace\release\wall.obj
c:\users\game122\desktop\チーム制作\chickenrace\chickenrace\release\ui.obj
c:\users\game122\desktop\チーム制作\chickenrace\chickenrace\release\tutorial.obj
c:\users\game122\desktop\チーム制作\chickenrace\chickenrace\release\toonshader.obj
c:\users\game122\desktop\チーム制作\chickenrace\chickenrace\release\titlemenu.obj
c:\users\game122\desktop\チーム制作\chickenrace\chickenrace\release\titlecamera.obj
c:\users\game122\desktop\チーム制作\chickenrace\chickenrace\release\title.obj
c:\users\game122\desktop\チーム制作\chickenrace\chickenrace\release\sound.obj
c:\users\game122\desktop\チーム制作\chickenrace\chickenrace\release\shadow.obj
c:\users\game122\desktop\チーム制作\chickenrace\chickenrace\release\server.obj
c:\users\game122\desktop\チーム制作\chickenrace\chickenrace\release\select.obj
c:\users\game122\desktop\チーム制作\chickenrace\chickenrace\chickenrace.exe
c:\users\game122\desktop\チーム制作\chickenrace\chickenrace\chickenrace.ipdb
c:\users\game122\desktop\チーム制作\chickenrace\chickenrace\chickenrace.iobj
c:\users\game122\desktop\チーム制作\chickenrace\chickenrace\chickenrace.pdb
c:\users\game122\desktop\チーム制作\chickenrace\chickenrace\release\niam.res
c:\users\game122\desktop\チーム制作\chickenrace\\chickenrace\chickenrace.pdb
c:\users\game122\desktop\チーム制作\chickenrace\\chickenrace\chickenrace.exe
c:\users\game122\desktop\チーム制作\chickenrace\chickenrace\release\chickenrace.tlog\chickenrace.write.1u.tlog
c:\users\game122\desktop\チーム制作\chickenrace\chickenrace\release\chickenrace.tlog\cl.command.1.tlog
c:\users\game122\desktop\チーム制作\chickenrace\chickenrace\release\chickenrace.tlog\cl.read.1.tlog
c:\users\game122\desktop\チーム制作\chickenrace\chickenrace\release\chickenrace.tlog\cl.write.1.tlog
c:\users\game122\desktop\チーム制作\chickenrace\chickenrace\release\chickenrace.tlog\link.command.1.tlog
c:\users\game122\desktop\チーム制作\chickenrace\chickenrace\release\chickenrace.tlog\link.read.1.tlog
c:\users\game122\desktop\チーム制作\chickenrace\chickenrace\release\chickenrace.tlog\link.write.1.tlog
c:\users\game122\desktop\チーム制作\chickenrace\chickenrace\release\chickenrace.tlog\rc.command.1.tlog
c:\users\game122\desktop\チーム制作\chickenrace\chickenrace\release\chickenrace.tlog\rc.read.1.tlog
c:\users\game122\desktop\チーム制作\chickenrace\chickenrace\release\chickenrace.tlog\rc.write.1.tlog
