c:\users\game116\desktop\baseproject\03_ai\chickenrace07\chickenrace\toonshader.cso
c:\users\game116\desktop\baseproject\03_ai\chickenrace07\chickenrace\debug\vc140.pdb
c:\users\game116\desktop\baseproject\03_ai\chickenrace07\chickenrace\debug\vc140.idb
c:\users\game116\desktop\baseproject\03_ai\chickenrace07\chickenrace\debug\polygon3d.obj
c:\users\game116\desktop\baseproject\03_ai\chickenrace07\chickenrace\debug\ranking.obj
c:\users\game116\desktop\baseproject\03_ai\chickenrace07\chickenrace\debug\renderer.obj
c:\users\game116\desktop\baseproject\03_ai\chickenrace07\chickenrace\debug\result.obj
c:\users\game116\desktop\baseproject\03_ai\chickenrace07\chickenrace\debug\resultcamera.obj
c:\users\game116\desktop\baseproject\03_ai\chickenrace07\chickenrace\debug\roadpointer.obj
c:\users\game116\desktop\baseproject\03_ai\chickenrace07\chickenrace\debug\scene.obj
c:\users\game116\desktop\baseproject\03_ai\chickenrace07\chickenrace\debug\scene2d.obj
c:\users\game116\desktop\baseproject\03_ai\chickenrace07\chickenrace\debug\scene3d.obj
c:\users\game116\desktop\baseproject\03_ai\chickenrace07\chickenrace\debug\select.obj
c:\users\game116\desktop\baseproject\03_ai\chickenrace07\chickenrace\debug\server.obj
c:\users\game116\desktop\baseproject\03_ai\chickenrace07\chickenrace\debug\shadow.obj
c:\users\game116\desktop\baseproject\03_ai\chickenrace07\chickenrace\debug\sound.obj
c:\users\game116\desktop\baseproject\03_ai\chickenrace07\chickenrace\debug\title.obj
c:\users\game116\desktop\baseproject\03_ai\chickenrace07\chickenrace\debug\titlecamera.obj
c:\users\game116\desktop\baseproject\03_ai\chickenrace07\chickenrace\debug\titlemenu.obj
c:\users\game116\desktop\baseproject\03_ai\chickenrace07\chickenrace\debug\toonshader.obj
c:\users\game116\desktop\baseproject\03_ai\chickenrace07\chickenrace\debug\tutorial.obj
c:\users\game116\desktop\baseproject\03_ai\chickenrace07\chickenrace\debug\ui.obj
c:\users\game116\desktop\baseproject\03_ai\chickenrace07\chickenrace\debug\wall.obj
c:\users\game116\desktop\baseproject\03_ai\chickenrace07\chickenrace\debug\incline.obj
c:\users\game116\desktop\baseproject\03_ai\chickenrace07\chickenrace\debug\input.obj
c:\users\game116\desktop\baseproject\03_ai\chickenrace07\chickenrace\debug\light.obj
c:\users\game116\desktop\baseproject\03_ai\chickenrace07\chickenrace\debug\loadtext.obj
c:\users\game116\desktop\baseproject\03_ai\chickenrace07\chickenrace\debug\main.obj
c:\users\game116\desktop\baseproject\03_ai\chickenrace07\chickenrace\debug\manager.obj
c:\users\game116\desktop\baseproject\03_ai\chickenrace07\chickenrace\debug\mesh.obj
c:\users\game116\desktop\baseproject\03_ai\chickenrace07\chickenrace\debug\meshcylinder.obj
c:\users\game116\desktop\baseproject\03_ai\chickenrace07\chickenrace\debug\meshfield.obj
c:\users\game116\desktop\baseproject\03_ai\chickenrace07\chickenrace\debug\meshorbit.obj
c:\users\game116\desktop\baseproject\03_ai\chickenrace07\chickenrace\debug\model.obj
c:\users\game116\desktop\baseproject\03_ai\chickenrace07\chickenrace\debug\model3d.obj
c:\users\game116\desktop\baseproject\03_ai\chickenrace07\chickenrace\debug\modeleffect.obj
c:\users\game116\desktop\baseproject\03_ai\chickenrace07\chickenrace\debug\motion.obj
c:\users\game116\desktop\baseproject\03_ai\chickenrace07\chickenrace\debug\normesh.obj
c:\users\game116\desktop\baseproject\03_ai\chickenrace07\chickenrace\debug\number.obj
c:\users\game116\desktop\baseproject\03_ai\chickenrace07\chickenrace\debug\object.obj
c:\users\game116\desktop\baseproject\03_ai\chickenrace07\chickenrace\debug\particle.obj
c:\users\game116\desktop\baseproject\03_ai\chickenrace07\chickenrace\debug\pause.obj
c:\users\game116\desktop\baseproject\03_ai\chickenrace07\chickenrace\debug\player.obj
c:\users\game116\desktop\baseproject\03_ai\chickenrace07\chickenrace\debug\2dpolygon.obj
c:\users\game116\desktop\baseproject\03_ai\chickenrace07\chickenrace\debug\billboord.obj
c:\users\game116\desktop\baseproject\03_ai\chickenrace07\chickenrace\debug\camerabace.obj
c:\users\game116\desktop\baseproject\03_ai\chickenrace07\chickenrace\debug\chick.obj
c:\users\game116\desktop\baseproject\03_ai\chickenrace07\chickenrace\debug\colmesh.obj
c:\users\game116\desktop\baseproject\03_ai\chickenrace07\chickenrace\debug\debugproc.obj
c:\users\game116\desktop\baseproject\03_ai\chickenrace07\chickenrace\debug\dispeffect.obj
c:\users\game116\desktop\baseproject\03_ai\chickenrace07\chickenrace\debug\egg.obj
c:\users\game116\desktop\baseproject\03_ai\chickenrace07\chickenrace\debug\fade.obj
c:\users\game116\desktop\baseproject\03_ai\chickenrace07\chickenrace\debug\feed.obj
c:\users\game116\desktop\baseproject\03_ai\chickenrace07\chickenrace\debug\game.obj
c:\users\game116\desktop\baseproject\03_ai\chickenrace07\chickenrace\debug\gamecamera.obj
c:\users\game116\desktop\baseproject\03_ai\chickenrace07\chickenrace\debug\gamecharselect.obj
c:\users\game116\desktop\baseproject\03_ai\chickenrace07\chickenrace\debug\gameplay.obj
c:\users\game116\desktop\baseproject\03_ai\chickenrace07\chickenrace\debug\resultui.obj
c:\users\game116\desktop\baseproject\03_ai\chickenrace07\chickenrace\debug\time.obj
c:\users\game116\desktop\baseproject\03_ai\chickenrace07\chickenrace\chickenrace.ilk
c:\users\game116\desktop\baseproject\03_ai\chickenrace07\chickenrace\chickenrace.exe
c:\users\game116\desktop\baseproject\03_ai\chickenrace07\chickenrace\chickenrace.pdb
c:\users\game116\desktop\baseproject\03_ai\chickenrace07\chickenrace\debug\niam.res
c:\users\game116\desktop\baseproject\03_ai\chickenrace07\\chickenrace\chickenrace.pdb
c:\users\game116\desktop\baseproject\03_ai\chickenrace07\chickenrace\debug\chickenrace.tlog\chickenrace.write.1u.tlog
c:\users\game116\desktop\baseproject\03_ai\chickenrace07\chickenrace\debug\chickenrace.tlog\cl.command.1.tlog
c:\users\game116\desktop\baseproject\03_ai\chickenrace07\chickenrace\debug\chickenrace.tlog\cl.read.1.tlog
c:\users\game116\desktop\baseproject\03_ai\chickenrace07\chickenrace\debug\chickenrace.tlog\cl.write.1.tlog
c:\users\game116\desktop\baseproject\03_ai\chickenrace07\chickenrace\debug\chickenrace.tlog\link.7292-cvtres.read.1.tlog
c:\users\game116\desktop\baseproject\03_ai\chickenrace07\chickenrace\debug\chickenrace.tlog\link.7292-cvtres.write.1.tlog
c:\users\game116\desktop\baseproject\03_ai\chickenrace07\chickenrace\debug\chickenrace.tlog\link.7292-rc.read.1.tlog
c:\users\game116\desktop\baseproject\03_ai\chickenrace07\chickenrace\debug\chickenrace.tlog\link.7292-rc.write.1.tlog
c:\users\game116\desktop\baseproject\03_ai\chickenrace07\chickenrace\debug\chickenrace.tlog\link.7292.read.1.tlog
c:\users\game116\desktop\baseproject\03_ai\chickenrace07\chickenrace\debug\chickenrace.tlog\link.7292.write.1.tlog
c:\users\game116\desktop\baseproject\03_ai\chickenrace07\chickenrace\debug\chickenrace.tlog\link.command.1.tlog
c:\users\game116\desktop\baseproject\03_ai\chickenrace07\chickenrace\debug\chickenrace.tlog\link.read.1.tlog
c:\users\game116\desktop\baseproject\03_ai\chickenrace07\chickenrace\debug\chickenrace.tlog\link.write.1.tlog
c:\users\game116\desktop\baseproject\03_ai\chickenrace07\chickenrace\debug\chickenrace.tlog\rc.command.1.tlog
c:\users\game116\desktop\baseproject\03_ai\chickenrace07\chickenrace\debug\chickenrace.tlog\rc.read.1.tlog
c:\users\game116\desktop\baseproject\03_ai\chickenrace07\chickenrace\debug\chickenrace.tlog\rc.write.1.tlog
