c:\users\game116\desktop\baseproject\taxi04\taxi\debug\vc140.pdb
c:\users\game116\desktop\baseproject\taxi04\taxi\debug\vc140.idb
c:\users\game116\desktop\baseproject\taxi04\taxi\debug\model3d.obj
c:\users\game116\desktop\baseproject\taxi04\taxi\debug\motion.obj
c:\users\game116\desktop\baseproject\taxi04\taxi\debug\number.obj
c:\users\game116\desktop\baseproject\taxi04\taxi\debug\object.obj
c:\users\game116\desktop\baseproject\taxi04\taxi\debug\pause.obj
c:\users\game116\desktop\baseproject\taxi04\taxi\debug\player.obj
c:\users\game116\desktop\baseproject\taxi04\taxi\debug\polygon3d.obj
c:\users\game116\desktop\baseproject\taxi04\taxi\debug\ranking.obj
c:\users\game116\desktop\baseproject\taxi04\taxi\debug\renderer.obj
c:\users\game116\desktop\baseproject\taxi04\taxi\debug\result.obj
c:\users\game116\desktop\baseproject\taxi04\taxi\debug\resultcamerra.obj
c:\users\game116\desktop\baseproject\taxi04\taxi\debug\scene.obj
c:\users\game116\desktop\baseproject\taxi04\taxi\debug\scene2d.obj
c:\users\game116\desktop\baseproject\taxi04\taxi\debug\scene3d.obj
c:\users\game116\desktop\baseproject\taxi04\taxi\debug\select.obj
c:\users\game116\desktop\baseproject\taxi04\taxi\debug\shadow.obj
c:\users\game116\desktop\baseproject\taxi04\taxi\debug\sound.obj
c:\users\game116\desktop\baseproject\taxi04\taxi\debug\title.obj
c:\users\game116\desktop\baseproject\taxi04\taxi\debug\tutorial.obj
c:\users\game116\desktop\baseproject\taxi04\taxi\debug\wall.obj
c:\users\game116\desktop\baseproject\taxi04\taxi\debug\billboord.obj
c:\users\game116\desktop\baseproject\taxi04\taxi\debug\camerabace.obj
c:\users\game116\desktop\baseproject\taxi04\taxi\debug\debugproc.obj
c:\users\game116\desktop\baseproject\taxi04\taxi\debug\egg.obj
c:\users\game116\desktop\baseproject\taxi04\taxi\debug\feed.obj
c:\users\game116\desktop\baseproject\taxi04\taxi\debug\game.obj
c:\users\game116\desktop\baseproject\taxi04\taxi\debug\gamecamera.obj
c:\users\game116\desktop\baseproject\taxi04\taxi\debug\gamecharselect.obj
c:\users\game116\desktop\baseproject\taxi04\taxi\debug\incline.obj
c:\users\game116\desktop\baseproject\taxi04\taxi\debug\input.obj
c:\users\game116\desktop\baseproject\taxi04\taxi\debug\light.obj
c:\users\game116\desktop\baseproject\taxi04\taxi\debug\loadtext.obj
c:\users\game116\desktop\baseproject\taxi04\taxi\debug\main.obj
c:\users\game116\desktop\baseproject\taxi04\taxi\debug\manager.obj
c:\users\game116\desktop\baseproject\taxi04\taxi\debug\mesh.obj
c:\users\game116\desktop\baseproject\taxi04\taxi\debug\meshcylinder.obj
c:\users\game116\desktop\baseproject\taxi04\taxi\debug\meshfield.obj
c:\users\game116\desktop\baseproject\taxi04\taxi\debug\meshorbit.obj
c:\users\game116\desktop\baseproject\taxi04\taxi\debug\model.obj
c:\users\game116\desktop\baseproject\taxi04\taxi\debug\fade.obj
c:\users\game116\desktop\baseproject\taxi05\taxi\debug\vc140.pdb
c:\users\game116\desktop\baseproject\taxi05\taxi\debug\vc140.idb
c:\users\game116\desktop\baseproject\taxi05\taxi\debug\model3d.obj
c:\users\game116\desktop\baseproject\taxi05\taxi\debug\motion.obj
c:\users\game116\desktop\baseproject\taxi05\taxi\debug\number.obj
c:\users\game116\desktop\baseproject\taxi05\taxi\debug\object.obj
c:\users\game116\desktop\baseproject\taxi05\taxi\debug\pause.obj
c:\users\game116\desktop\baseproject\taxi05\taxi\debug\player.obj
c:\users\game116\desktop\baseproject\taxi05\taxi\debug\polygon3d.obj
c:\users\game116\desktop\baseproject\taxi05\taxi\debug\ranking.obj
c:\users\game116\desktop\baseproject\taxi05\taxi\debug\renderer.obj
c:\users\game116\desktop\baseproject\taxi05\taxi\debug\result.obj
c:\users\game116\desktop\baseproject\taxi05\taxi\debug\resultcamerra.obj
c:\users\game116\desktop\baseproject\taxi05\taxi\debug\scene.obj
c:\users\game116\desktop\baseproject\taxi05\taxi\debug\scene2d.obj
c:\users\game116\desktop\baseproject\taxi05\taxi\debug\scene3d.obj
c:\users\game116\desktop\baseproject\taxi05\taxi\debug\select.obj
c:\users\game116\desktop\baseproject\taxi05\taxi\debug\shadow.obj
c:\users\game116\desktop\baseproject\taxi05\taxi\debug\sound.obj
c:\users\game116\desktop\baseproject\taxi05\taxi\debug\title.obj
c:\users\game116\desktop\baseproject\taxi05\taxi\debug\tutorial.obj
c:\users\game116\desktop\baseproject\taxi05\taxi\debug\wall.obj
c:\users\game116\desktop\baseproject\taxi05\taxi\debug\billboord.obj
c:\users\game116\desktop\baseproject\taxi05\taxi\debug\camerabace.obj
c:\users\game116\desktop\baseproject\taxi05\taxi\debug\debugproc.obj
c:\users\game116\desktop\baseproject\taxi05\taxi\debug\egg.obj
c:\users\game116\desktop\baseproject\taxi05\taxi\debug\fade.obj
c:\users\game116\desktop\baseproject\taxi05\taxi\debug\feed.obj
c:\users\game116\desktop\baseproject\taxi05\taxi\debug\game.obj
c:\users\game116\desktop\baseproject\taxi05\taxi\debug\gamecamera.obj
c:\users\game116\desktop\baseproject\taxi05\taxi\debug\gamecharselect.obj
c:\users\game116\desktop\baseproject\taxi05\taxi\debug\incline.obj
c:\users\game116\desktop\baseproject\taxi05\taxi\debug\input.obj
c:\users\game116\desktop\baseproject\taxi05\taxi\debug\light.obj
c:\users\game116\desktop\baseproject\taxi05\taxi\debug\loadtext.obj
c:\users\game116\desktop\baseproject\taxi05\taxi\debug\main.obj
c:\users\game116\desktop\baseproject\taxi05\taxi\debug\manager.obj
c:\users\game116\desktop\baseproject\taxi05\taxi\debug\mesh.obj
c:\users\game116\desktop\baseproject\taxi05\taxi\debug\meshcylinder.obj
c:\users\game116\desktop\baseproject\taxi05\taxi\debug\meshfield.obj
c:\users\game116\desktop\baseproject\taxi05\taxi\debug\meshorbit.obj
c:\users\game116\desktop\baseproject\taxi05\taxi\debug\model.obj
c:\users\game116\desktop\baseproject\taxi05\taxi\debug\enemy.obj
c:\users\game116\desktop\baseproject\taxi05\taxi\debug\ui.obj
c:\users\game116\desktop\baseproject\taxi04\debug\taxi.ilk
c:\users\game116\desktop\baseproject\taxi04\debug\taxi.exe
c:\users\game116\desktop\baseproject\taxi04\debug\taxi.pdb
c:\users\game116\desktop\baseproject\taxi05\debug\taxi.ilk
c:\users\game116\desktop\baseproject\taxi05\debug\taxi.exe
c:\users\game116\desktop\baseproject\taxi05\debug\taxi.pdb
c:\users\game116\desktop\baseproject\taxi04\taxi\debug\niam.res
c:\users\game116\desktop\baseproject\taxi05\taxi\debug\niam.res
c:\users\game116\desktop\baseproject\taxi05\taxi\debug\3dparticle.obj
c:\users\game116\desktop\baseproject\taxi05\taxi\debug\addcoin.obj
c:\users\game116\desktop\baseproject\taxi05\taxi\debug\arrow.obj
c:\users\game116\desktop\baseproject\taxi05\taxi\debug\baceshader.obj
c:\users\game116\desktop\baseproject\taxi05\taxi\debug\billnumber.obj
c:\users\game116\desktop\baseproject\taxi05\taxi\debug\car.obj
c:\users\game116\desktop\baseproject\taxi05\taxi\debug\car_point.obj
c:\users\game116\desktop\baseproject\taxi05\taxi\debug\combo.obj
c:\users\game116\desktop\baseproject\taxi05\taxi\debug\customer.obj
c:\users\game116\desktop\baseproject\taxi05\taxi\debug\destination.obj
c:\users\game116\desktop\baseproject\taxi05\taxi\debug\effect.obj
c:\users\game116\desktop\baseproject\taxi05\taxi\debug\effectmgr.obj
c:\users\game116\desktop\baseproject\taxi05\taxi\debug\effecttool.obj
c:\users\game116\desktop\baseproject\taxi05\taxi\debug\grasseffect.obj
c:\users\game116\desktop\baseproject\taxi05\taxi\debug\ground.obj
c:\users\game116\desktop\baseproject\taxi05\taxi\debug\humanbace.obj
c:\users\game116\desktop\baseproject\taxi05\taxi\debug\humannpc.obj
c:\users\game116\desktop\baseproject\taxi05\taxi\debug\lcdpanel.obj
c:\users\game116\desktop\baseproject\taxi05\taxi\debug\loadeffect.obj
c:\users\game116\desktop\baseproject\taxi05\taxi\debug\logo.obj
c:\users\game116\desktop\baseproject\taxi05\taxi\debug\mark.obj
c:\users\game116\desktop\baseproject\taxi05\taxi\debug\numberdisplay.obj
c:\users\game116\desktop\baseproject\taxi05\taxi\debug\objbillboad.obj
c:\users\game116\desktop\baseproject\taxi05\taxi\debug\particlebillboad.obj
c:\users\game116\desktop\baseproject\taxi05\taxi\debug\policelamp.obj
c:\users\game116\desktop\baseproject\taxi05\taxi\debug\report.obj
c:\users\game116\desktop\baseproject\taxi05\taxi\debug\reputation.obj
c:\users\game116\desktop\baseproject\taxi05\taxi\debug\resultplayer.obj
c:\users\game116\desktop\baseproject\taxi05\taxi\debug\rotationshader.obj
c:\users\game116\desktop\baseproject\taxi05\taxi\debug\satisfactionlevel.obj
c:\users\game116\desktop\baseproject\taxi05\taxi\debug\score.obj
c:\users\game116\desktop\baseproject\taxi05\taxi\debug\seasoneffect.obj
c:\users\game116\desktop\baseproject\taxi05\taxi\debug\shadermgr.obj
c:\users\game116\desktop\baseproject\taxi05\taxi\debug\smokeeffect.obj
c:\users\game116\desktop\baseproject\taxi05\taxi\debug\sparkeffect .obj
c:\users\game116\desktop\baseproject\taxi05\taxi\debug\startsignal.obj
c:\users\game116\desktop\baseproject\taxi05\taxi\debug\taillamp.obj
c:\users\game116\desktop\baseproject\taxi05\taxi\debug\texture.obj
c:\users\game116\desktop\baseproject\taxi05\taxi\debug\time.obj
c:\users\game116\desktop\baseproject\taxi05\taxi\debug\tire.obj
c:\users\game116\desktop\baseproject\taxi05\taxi\debug\totalscore.obj
c:\users\game116\desktop\baseproject\taxi05\taxi\debug\woodeffect.obj
c:\users\game116\desktop\baseproject\taxi05\taxi\debug\gamecharselect.obj.enc
c:\users\game116\desktop\baseproject\taxi05\taxi\debug\loadtext.obj.enc
c:\users\game116\desktop\baseproject\taxi05\taxi\debug\player.obj.enc
c:\users\game116\desktop\baseproject\taxi05\taxi\debug\time.obj.enc
c:\users\game116\desktop\baseproject\taxi05\taxi\debug\taxi.tlog\cl.command.1.tlog
c:\users\game116\desktop\baseproject\taxi05\taxi\debug\taxi.tlog\cl.read.1.tlog
c:\users\game116\desktop\baseproject\taxi05\taxi\debug\taxi.tlog\cl.write.1.tlog
c:\users\game116\desktop\baseproject\taxi05\taxi\debug\taxi.tlog\link.command.1.tlog
c:\users\game116\desktop\baseproject\taxi05\taxi\debug\taxi.tlog\link.read.1.tlog
c:\users\game116\desktop\baseproject\taxi05\taxi\debug\taxi.tlog\link.write.1.tlog
c:\users\game116\desktop\baseproject\taxi05\taxi\debug\taxi.tlog\rc.command.1.tlog
c:\users\game116\desktop\baseproject\taxi05\taxi\debug\taxi.tlog\rc.read.1.tlog
c:\users\game116\desktop\baseproject\taxi05\taxi\debug\taxi.tlog\rc.write.1.tlog
