  billboord.cpp
  コードを生成中...
  コンパイル中...
  game.cpp
  コードを生成中...
  スキップ中... (関連する変更は検出されませんでした)
  wall.cpp
  ui.cpp
  tutorial.cpp
  title.cpp
  shadow.cpp
  select.cpp
  scene3D.cpp
  scene2D.cpp
  resultcamerra.cpp
  result.cpp
  renderer.cpp
  ranking.cpp
  polygon3D.cpp
  player.cpp
  pause.cpp
  object.cpp
  number.cpp
  motion.cpp
  model3D.cpp
  model.cpp
  meshorbit.cpp
  meshfield.cpp
  meshCylinder.cpp
  mesh.cpp
  manager.cpp
  main.cpp
  loadText.cpp
  light.cpp
  incline.cpp
  gamecamera.cpp
  gamePlay.cpp
  gameCharSelect.cpp
  feed.cpp
  fade.cpp
  enemy.cpp
  egg.cpp
  debugproc.cpp
  camerabace.cpp
  Taxi.vcxproj -> C:\Users\game116\Desktop\BaseProject\Taxi08\Debug\Taxi.exe
  Taxi.vcxproj -> C:\Users\game116\Desktop\BaseProject\Taxi08\Debug\Taxi.pdb (Full PDB)
