  3Dparticle.cpp
  addcoin.cpp
  arrow.cpp
  baceshader.cpp
  background.cpp
  billboord.cpp
  billnumber.cpp
  camerabace.cpp
  car.cpp
  car_point.cpp
  combo.cpp
  customer.cpp
  debugproc.cpp
  destination.cpp
  effect.cpp
  effectmgr.cpp
  effecttool.cpp
  fade.cpp
  game.cpp
  gamecamera.cpp
  コンパイル中...
  grasseffect.cpp
  ground.cpp
  humanbace.cpp
  humannpc.cpp
  incline.cpp
  input.cpp
  LCDpanel.cpp
  light.cpp
  loadEffect.cpp
  loadText.cpp
  logo.cpp
  main.cpp
  manager.cpp
  mark.cpp
  mesh.cpp
  meshCylinder.cpp
  meshfield.cpp
  meshorbit.cpp
  model.cpp
  model3D.cpp
  コンパイル中...
  motion.cpp
  number.cpp
  numberdisplay.cpp
  objbillboad.cpp
  object.cpp
  particlebillboad.cpp
  pause.cpp
  player.cpp
  policelamp.cpp
  polygon3D.cpp
  ranking.cpp
  renderer.cpp
  report.cpp
  reputation.cpp
  result.cpp
  resultcamerra.cpp
  resultplayer.cpp
  rotationshader.cpp
  satisfactionlevel.cpp
  scene.cpp
  コンパイル中...
  scene2D.cpp
  scene3D.cpp
  score.cpp
  seasoneffect.cpp
  select.cpp
  shadermgr.cpp
  shadow.cpp
  smokeeffect.cpp
  sound.cpp
  sparkeffect .cpp
  startsignal.cpp
  taillamp.cpp
  texture.cpp
  time.cpp
  tire.cpp
  title.cpp
  totalscore.cpp
  tutorial.cpp
  wall.cpp
  woodeffect.cpp
  コード生成しています。
  1262 of 1264 functions (99.8%) were compiled, the rest were copied from previous compilation.
    13 functions were new in current compilation
    0 functions had inline decision re-evaluated but remain unchanged
  コード生成が終了しました。
  Taxi.vcxproj -> E:\Taxi\Release\Taxi.exe
  Taxi.vcxproj -> E:\Taxi\Release\Taxi.pdb (Full PDB)
