C:\Program Files (x86)\MSBuild\Microsoft.Cpp\v4.0\V140\Microsoft.CppBuild.targets(392,5): warning MSB8028: The intermediate directory (Debug\) contains files shared from another project (Taxi.vcxproj).  This can lead to incorrect clean and rebuild behavior.
  input.cpp
  コードを生成中...
  コンパイル中...
  wall.cpp
  ui.cpp
  tutorial.cpp
  title.cpp
  shadow.cpp
  select.cpp
  scene3D.cpp
  scene2D.cpp
  result.cpp
  renderer.cpp
  ranking.cpp
  polygon3D.cpp
  player.cpp
  pause.cpp
  object.cpp
  number.cpp
  motion.cpp
  model3D.cpp
  model.cpp
  meshorbit.cpp
  コードを生成中...
  コンパイル中...
  meshfield.cpp
  meshCylinder.cpp
  mesh.cpp
  manager.cpp
  main.cpp
  loadText.cpp
  light.cpp
  incline.cpp
  gamecamera.cpp
  gamePlay.cpp
  gameCharSelect.cpp
  game.cpp
  feed.cpp
  fade.cpp
  enemy.cpp
  egg.cpp
  debugproc.cpp
  chick.cpp
  camerabace.cpp
  billboord.cpp
  コードを生成中...
  コンパイル中...
  Server.cpp
  コードを生成中...
  ChickenRace.vcxproj -> C:\Users\game122\Desktop\チーム制作\ChickenRace\Debug\ChickenRace.exe
  ChickenRace.vcxproj -> C:\Users\game122\Desktop\チーム制作\ChickenRace\Debug\ChickenRace.pdb (Full PDB)
