c:\users\game116\documents\github\arimacorporation\baseproject\chickenrace\chickenrace\debug\vc140.pdb
c:\users\game116\documents\github\arimacorporation\baseproject\chickenrace\chickenrace\debug\vc140.idb
c:\users\game116\documents\github\arimacorporation\baseproject\chickenrace\chickenrace\debug\pause.obj
c:\users\game116\documents\github\arimacorporation\baseproject\chickenrace\chickenrace\debug\player.obj
c:\users\game116\documents\github\arimacorporation\baseproject\chickenrace\chickenrace\debug\polygon3d.obj
c:\users\game116\documents\github\arimacorporation\baseproject\chickenrace\chickenrace\debug\ranking.obj
c:\users\game116\documents\github\arimacorporation\baseproject\chickenrace\chickenrace\debug\renderer.obj
c:\users\game116\documents\github\arimacorporation\baseproject\chickenrace\chickenrace\debug\result.obj
c:\users\game116\documents\github\arimacorporation\baseproject\chickenrace\chickenrace\debug\resultcamera.obj
c:\users\game116\documents\github\arimacorporation\baseproject\chickenrace\chickenrace\debug\scene.obj
c:\users\game116\documents\github\arimacorporation\baseproject\chickenrace\chickenrace\debug\scene2d.obj
c:\users\game116\documents\github\arimacorporation\baseproject\chickenrace\chickenrace\debug\scene3d.obj
c:\users\game116\documents\github\arimacorporation\baseproject\chickenrace\chickenrace\debug\select.obj
c:\users\game116\documents\github\arimacorporation\baseproject\chickenrace\chickenrace\debug\server.obj
c:\users\game116\documents\github\arimacorporation\baseproject\chickenrace\chickenrace\debug\shadow.obj
c:\users\game116\documents\github\arimacorporation\baseproject\chickenrace\chickenrace\debug\sound.obj
c:\users\game116\documents\github\arimacorporation\baseproject\chickenrace\chickenrace\debug\title.obj
c:\users\game116\documents\github\arimacorporation\baseproject\chickenrace\chickenrace\debug\titlecamera.obj
c:\users\game116\documents\github\arimacorporation\baseproject\chickenrace\chickenrace\debug\titlemenu.obj
c:\users\game116\documents\github\arimacorporation\baseproject\chickenrace\chickenrace\debug\tutorial.obj
c:\users\game116\documents\github\arimacorporation\baseproject\chickenrace\chickenrace\debug\ui.obj
c:\users\game116\documents\github\arimacorporation\baseproject\chickenrace\chickenrace\debug\wall.obj
c:\users\game116\documents\github\arimacorporation\baseproject\chickenrace\chickenrace\debug\feed.obj
c:\users\game116\documents\github\arimacorporation\baseproject\chickenrace\chickenrace\debug\game.obj
c:\users\game116\documents\github\arimacorporation\baseproject\chickenrace\chickenrace\debug\gamecamera.obj
c:\users\game116\documents\github\arimacorporation\baseproject\chickenrace\chickenrace\debug\gamecharselect.obj
c:\users\game116\documents\github\arimacorporation\baseproject\chickenrace\chickenrace\debug\gameplay.obj
c:\users\game116\documents\github\arimacorporation\baseproject\chickenrace\chickenrace\debug\incline.obj
c:\users\game116\documents\github\arimacorporation\baseproject\chickenrace\chickenrace\debug\input.obj
c:\users\game116\documents\github\arimacorporation\baseproject\chickenrace\chickenrace\debug\light.obj
c:\users\game116\documents\github\arimacorporation\baseproject\chickenrace\chickenrace\debug\loadtext.obj
c:\users\game116\documents\github\arimacorporation\baseproject\chickenrace\chickenrace\debug\main.obj
c:\users\game116\documents\github\arimacorporation\baseproject\chickenrace\chickenrace\debug\manager.obj
c:\users\game116\documents\github\arimacorporation\baseproject\chickenrace\chickenrace\debug\mesh.obj
c:\users\game116\documents\github\arimacorporation\baseproject\chickenrace\chickenrace\debug\meshcylinder.obj
c:\users\game116\documents\github\arimacorporation\baseproject\chickenrace\chickenrace\debug\meshfield.obj
c:\users\game116\documents\github\arimacorporation\baseproject\chickenrace\chickenrace\debug\meshorbit.obj
c:\users\game116\documents\github\arimacorporation\baseproject\chickenrace\chickenrace\debug\model.obj
c:\users\game116\documents\github\arimacorporation\baseproject\chickenrace\chickenrace\debug\model3d.obj
c:\users\game116\documents\github\arimacorporation\baseproject\chickenrace\chickenrace\debug\motion.obj
c:\users\game116\documents\github\arimacorporation\baseproject\chickenrace\chickenrace\debug\number.obj
c:\users\game116\documents\github\arimacorporation\baseproject\chickenrace\chickenrace\debug\object.obj
c:\users\game116\documents\github\arimacorporation\baseproject\chickenrace\chickenrace\debug\billboord.obj
c:\users\game116\documents\github\arimacorporation\baseproject\chickenrace\chickenrace\debug\camerabace.obj
c:\users\game116\documents\github\arimacorporation\baseproject\chickenrace\chickenrace\debug\chick.obj
c:\users\game116\documents\github\arimacorporation\baseproject\chickenrace\chickenrace\debug\debugproc.obj
c:\users\game116\documents\github\arimacorporation\baseproject\chickenrace\chickenrace\debug\egg.obj
c:\users\game116\documents\github\arimacorporation\baseproject\chickenrace\chickenrace\debug\enemy.obj
c:\users\game116\documents\github\arimacorporation\baseproject\chickenrace\chickenrace\debug\fade.obj
c:\users\game116\desktop\baseproject\01_サーバー後\chickenrace00\chickenrace\debug\vc140.pdb
c:\users\game116\desktop\baseproject\01_サーバー後\chickenrace00\chickenrace\debug\vc140.idb
c:\users\game116\desktop\baseproject\01_サーバー後\chickenrace00\chickenrace\debug\pause.obj
c:\users\game116\desktop\baseproject\01_サーバー後\chickenrace00\chickenrace\debug\player.obj
c:\users\game116\desktop\baseproject\01_サーバー後\chickenrace00\chickenrace\debug\polygon3d.obj
c:\users\game116\desktop\baseproject\01_サーバー後\chickenrace00\chickenrace\debug\ranking.obj
c:\users\game116\desktop\baseproject\01_サーバー後\chickenrace00\chickenrace\debug\renderer.obj
c:\users\game116\desktop\baseproject\01_サーバー後\chickenrace00\chickenrace\debug\result.obj
c:\users\game116\desktop\baseproject\01_サーバー後\chickenrace00\chickenrace\debug\resultcamera.obj
c:\users\game116\desktop\baseproject\01_サーバー後\chickenrace00\chickenrace\debug\scene.obj
c:\users\game116\desktop\baseproject\01_サーバー後\chickenrace00\chickenrace\debug\scene2d.obj
c:\users\game116\desktop\baseproject\01_サーバー後\chickenrace00\chickenrace\debug\scene3d.obj
c:\users\game116\desktop\baseproject\01_サーバー後\chickenrace00\chickenrace\debug\select.obj
c:\users\game116\desktop\baseproject\01_サーバー後\chickenrace00\chickenrace\debug\server.obj
c:\users\game116\desktop\baseproject\01_サーバー後\chickenrace00\chickenrace\debug\shadow.obj
c:\users\game116\desktop\baseproject\01_サーバー後\chickenrace00\chickenrace\debug\sound.obj
c:\users\game116\desktop\baseproject\01_サーバー後\chickenrace00\chickenrace\debug\title.obj
c:\users\game116\desktop\baseproject\01_サーバー後\chickenrace00\chickenrace\debug\titlecamera.obj
c:\users\game116\desktop\baseproject\01_サーバー後\chickenrace00\chickenrace\debug\titlemenu.obj
c:\users\game116\desktop\baseproject\01_サーバー後\chickenrace00\chickenrace\debug\tutorial.obj
c:\users\game116\desktop\baseproject\01_サーバー後\chickenrace00\chickenrace\debug\ui.obj
c:\users\game116\desktop\baseproject\01_サーバー後\chickenrace00\chickenrace\debug\wall.obj
c:\users\game116\desktop\baseproject\01_サーバー後\chickenrace00\chickenrace\debug\feed.obj
c:\users\game116\desktop\baseproject\01_サーバー後\chickenrace00\chickenrace\debug\game.obj
c:\users\game116\desktop\baseproject\01_サーバー後\chickenrace00\chickenrace\debug\gamecamera.obj
c:\users\game116\desktop\baseproject\01_サーバー後\chickenrace00\chickenrace\debug\gamecharselect.obj
c:\users\game116\desktop\baseproject\01_サーバー後\chickenrace00\chickenrace\debug\gameplay.obj
c:\users\game116\desktop\baseproject\01_サーバー後\chickenrace00\chickenrace\debug\incline.obj
c:\users\game116\desktop\baseproject\01_サーバー後\chickenrace00\chickenrace\debug\input.obj
c:\users\game116\desktop\baseproject\01_サーバー後\chickenrace00\chickenrace\debug\light.obj
c:\users\game116\desktop\baseproject\01_サーバー後\chickenrace00\chickenrace\debug\loadtext.obj
c:\users\game116\desktop\baseproject\01_サーバー後\chickenrace00\chickenrace\debug\main.obj
c:\users\game116\desktop\baseproject\01_サーバー後\chickenrace00\chickenrace\debug\manager.obj
c:\users\game116\desktop\baseproject\01_サーバー後\chickenrace00\chickenrace\debug\mesh.obj
c:\users\game116\desktop\baseproject\01_サーバー後\chickenrace00\chickenrace\debug\meshcylinder.obj
c:\users\game116\desktop\baseproject\01_サーバー後\chickenrace00\chickenrace\debug\meshfield.obj
c:\users\game116\desktop\baseproject\01_サーバー後\chickenrace00\chickenrace\debug\meshorbit.obj
c:\users\game116\desktop\baseproject\01_サーバー後\chickenrace00\chickenrace\debug\model.obj
c:\users\game116\desktop\baseproject\01_サーバー後\chickenrace00\chickenrace\debug\model3d.obj
c:\users\game116\desktop\baseproject\01_サーバー後\chickenrace00\chickenrace\debug\motion.obj
c:\users\game116\desktop\baseproject\01_サーバー後\chickenrace00\chickenrace\debug\number.obj
c:\users\game116\desktop\baseproject\01_サーバー後\chickenrace00\chickenrace\debug\object.obj
c:\users\game116\desktop\baseproject\01_サーバー後\chickenrace00\chickenrace\debug\billboord.obj
c:\users\game116\desktop\baseproject\01_サーバー後\chickenrace00\chickenrace\debug\camerabace.obj
c:\users\game116\desktop\baseproject\01_サーバー後\chickenrace00\chickenrace\debug\chick.obj
c:\users\game116\desktop\baseproject\01_サーバー後\chickenrace00\chickenrace\debug\debugproc.obj
c:\users\game116\desktop\baseproject\01_サーバー後\chickenrace00\chickenrace\debug\egg.obj
c:\users\game116\desktop\baseproject\01_サーバー後\chickenrace00\chickenrace\debug\enemy.obj
c:\users\game116\desktop\baseproject\01_サーバー後\chickenrace00\chickenrace\debug\fade.obj
c:\users\game122\desktop\チーム制作\chickenrace\chickenrace\debug\vc140.pdb
c:\users\game122\desktop\チーム制作\chickenrace\chickenrace\debug\vc140.idb
c:\users\game122\desktop\チーム制作\chickenrace\chickenrace\debug\player.obj
c:\users\game122\desktop\チーム制作\chickenrace\chickenrace\debug\polygon3d.obj
c:\users\game122\desktop\チーム制作\chickenrace\chickenrace\debug\ranking.obj
c:\users\game122\desktop\チーム制作\chickenrace\chickenrace\debug\renderer.obj
c:\users\game122\desktop\チーム制作\chickenrace\chickenrace\debug\result.obj
c:\users\game122\desktop\チーム制作\chickenrace\chickenrace\debug\resultcamera.obj
c:\users\game122\desktop\チーム制作\chickenrace\chickenrace\debug\scene.obj
c:\users\game122\desktop\チーム制作\chickenrace\chickenrace\debug\scene2d.obj
c:\users\game122\desktop\チーム制作\chickenrace\chickenrace\debug\scene3d.obj
c:\users\game122\desktop\チーム制作\chickenrace\chickenrace\debug\select.obj
c:\users\game122\desktop\チーム制作\chickenrace\chickenrace\debug\server.obj
c:\users\game122\desktop\チーム制作\chickenrace\chickenrace\debug\shadow.obj
c:\users\game122\desktop\チーム制作\chickenrace\chickenrace\debug\sound.obj
c:\users\game122\desktop\チーム制作\chickenrace\chickenrace\debug\title.obj
c:\users\game122\desktop\チーム制作\chickenrace\chickenrace\debug\titlecamera.obj
c:\users\game122\desktop\チーム制作\chickenrace\chickenrace\debug\titlemenu.obj
c:\users\game122\desktop\チーム制作\chickenrace\chickenrace\debug\tutorial.obj
c:\users\game122\desktop\チーム制作\chickenrace\chickenrace\debug\ui.obj
c:\users\game122\desktop\チーム制作\chickenrace\chickenrace\debug\wall.obj
c:\users\game122\desktop\チーム制作\chickenrace\chickenrace\debug\gamecamera.obj
c:\users\game122\desktop\チーム制作\chickenrace\chickenrace\debug\gamecharselect.obj
c:\users\game122\desktop\チーム制作\chickenrace\chickenrace\debug\gameplay.obj
c:\users\game122\desktop\チーム制作\chickenrace\chickenrace\debug\incline.obj
c:\users\game122\desktop\チーム制作\chickenrace\chickenrace\debug\input.obj
c:\users\game122\desktop\チーム制作\chickenrace\chickenrace\debug\light.obj
c:\users\game122\desktop\チーム制作\chickenrace\chickenrace\debug\loadtext.obj
c:\users\game122\desktop\チーム制作\chickenrace\chickenrace\debug\main.obj
c:\users\game122\desktop\チーム制作\chickenrace\chickenrace\debug\manager.obj
c:\users\game122\desktop\チーム制作\chickenrace\chickenrace\debug\mesh.obj
c:\users\game122\desktop\チーム制作\chickenrace\chickenrace\debug\meshcylinder.obj
c:\users\game122\desktop\チーム制作\chickenrace\chickenrace\debug\meshfield.obj
c:\users\game122\desktop\チーム制作\chickenrace\chickenrace\debug\meshorbit.obj
c:\users\game122\desktop\チーム制作\chickenrace\chickenrace\debug\model.obj
c:\users\game122\desktop\チーム制作\chickenrace\chickenrace\debug\model3d.obj
c:\users\game122\desktop\チーム制作\chickenrace\chickenrace\debug\motion.obj
c:\users\game122\desktop\チーム制作\chickenrace\chickenrace\debug\number.obj
c:\users\game122\desktop\チーム制作\chickenrace\chickenrace\debug\object.obj
c:\users\game122\desktop\チーム制作\chickenrace\chickenrace\debug\pause.obj
c:\users\game122\desktop\チーム制作\chickenrace\chickenrace\debug\billboord.obj
c:\users\game122\desktop\チーム制作\chickenrace\chickenrace\debug\camerabace.obj
c:\users\game122\desktop\チーム制作\chickenrace\chickenrace\debug\chick.obj
c:\users\game122\desktop\チーム制作\chickenrace\chickenrace\debug\debugproc.obj
c:\users\game122\desktop\チーム制作\chickenrace\chickenrace\debug\egg.obj
c:\users\game122\desktop\チーム制作\chickenrace\chickenrace\debug\enemy.obj
c:\users\game122\desktop\チーム制作\chickenrace\chickenrace\debug\fade.obj
c:\users\game122\desktop\チーム制作\chickenrace\chickenrace\debug\feed.obj
c:\users\game122\desktop\チーム制作\chickenrace\chickenrace\debug\game.obj
c:\users\game116\documents\github\arimacorporation\baseproject\chickenrace\debug\chickenrace.ilk
c:\users\game116\documents\github\arimacorporation\baseproject\chickenrace\debug\chickenrace.exe
c:\users\game116\documents\github\arimacorporation\baseproject\chickenrace\debug\chickenrace.pdb
c:\users\game116\desktop\baseproject\01_サーバー後\chickenrace00\debug\chickenrace.ilk
c:\users\game116\desktop\baseproject\01_サーバー後\chickenrace00\debug\chickenrace.exe
c:\users\game116\desktop\baseproject\01_サーバー後\chickenrace00\debug\chickenrace.pdb
c:\users\game116\documents\github\arimacorporation\baseproject\chickenrace\chickenrace\debug\niam.res
c:\users\game116\desktop\baseproject\01_サーバー後\chickenrace00\chickenrace\debug\niam.res
c:\users\game122\desktop\チーム制作\chickenrace\chickenrace\debug\resultcamerra.obj
c:\users\game122\desktop\チーム制作\chickenrace\chickenrace\debug\game.obj.enc
c:\users\game122\desktop\チーム制作\chickenrace\chickenrace\debug\gamecharselect.obj.enc
c:\users\game122\desktop\チーム制作\chickenrace\chickenrace\debug\gameplay.obj.enc
c:\users\game122\desktop\チーム制作\chickenrace\chickenrace\debug\manager.new.obj.enc
c:\users\game122\desktop\チーム制作\chickenrace\chickenrace\debug\player.obj.enc
c:\users\game122\desktop\チーム制作\chickenrace\chickenrace\debug\titlemenu.obj.enc
c:\users\game122\desktop\チーム制作\chickenrace\chickenrace\debug\niam.res
c:\users\game122\desktop\チーム制作\chickenrace\debug\chickenrace.pdb
c:\users\game122\desktop\チーム制作\chickenrace\debug\chickenrace.exe
c:\users\game122\desktop\チーム制作\chickenrace\debug\chickenrace.ilk
c:\users\game122\desktop\チーム制作\chickenrace\chickenrace\debug\chickenrace.tlog\cl.command.1.tlog
c:\users\game122\desktop\チーム制作\chickenrace\chickenrace\debug\chickenrace.tlog\cl.read.1.tlog
c:\users\game122\desktop\チーム制作\chickenrace\chickenrace\debug\chickenrace.tlog\cl.write.1.tlog
c:\users\game122\desktop\チーム制作\chickenrace\chickenrace\debug\chickenrace.tlog\link.command.1.tlog
c:\users\game122\desktop\チーム制作\chickenrace\chickenrace\debug\chickenrace.tlog\link.read.1.tlog
c:\users\game122\desktop\チーム制作\chickenrace\chickenrace\debug\chickenrace.tlog\link.write.1.tlog
c:\users\game122\desktop\チーム制作\chickenrace\chickenrace\debug\chickenrace.tlog\rc.command.1.tlog
c:\users\game122\desktop\チーム制作\chickenrace\chickenrace\debug\chickenrace.tlog\rc.read.1.tlog
c:\users\game122\desktop\チーム制作\chickenrace\chickenrace\debug\chickenrace.tlog\rc.write.1.tlog
